<?xml version="1.0" encoding="UTF-8"?>
<testng-results ignored="0" total="2" passed="2" failed="0" skipped="0">
  <reporter-output>
  </reporter-output>
  <suite started-at="2022-12-10T19:19:40 IST" name="nopCommerce" finished-at="2022-12-10T19:20:31 IST" duration-ms="51068">
    <groups>
    </groups>
    <test started-at="2022-12-10T19:19:40 IST" name="Test1" finished-at="2022-12-10T19:20:31 IST" duration-ms="51068">
      <class name="com.nopcommerce.testCases.TC_AboutUs_002">
        <test-method is-config="true" signature="setup(java.lang.String)[pri:0, instance:com.nopcommerce.testCases.TC_AboutUs_002@6069db50]" started-at="2022-12-10T19:20:21 IST" name="setup" finished-at="2022-12-10T19:20:23 IST" duration-ms="1726" status="PASS">
          <params>
            <param index="0">
              <value>
                <![CDATA[chrome]]>
              </value>
            </param>
          </params>
          <reporter-output>
          </reporter-output>
        </test-method> <!-- setup -->
        <test-method signature="AboutUs()[pri:0, instance:com.nopcommerce.testCases.TC_AboutUs_002@6069db50]" started-at="2022-12-10T19:20:23 IST" name="AboutUs" finished-at="2022-12-10T19:20:31 IST" duration-ms="7817" status="PASS">
          <reporter-output>
          </reporter-output>
        </test-method> <!-- AboutUs -->
        <test-method is-config="true" signature="tearDown()[pri:0, instance:com.nopcommerce.testCases.TC_AboutUs_002@6069db50]" started-at="2022-12-10T19:20:31 IST" name="tearDown" finished-at="2022-12-10T19:20:31 IST" duration-ms="374" status="PASS">
          <reporter-output>
          </reporter-output>
        </test-method> <!-- tearDown -->
      </class> <!-- com.nopcommerce.testCases.TC_AboutUs_002 -->
      <class name="com.nopcommerce.testCases.TC_LandingPagePopup_001">
        <test-method is-config="true" signature="setup(java.lang.String)[pri:0, instance:com.nopcommerce.testCases.TC_LandingPagePopup_001@5c33f1a9]" started-at="2022-12-10T19:19:41 IST" name="setup" finished-at="2022-12-10T19:19:46 IST" duration-ms="5844" status="PASS">
          <params>
            <param index="0">
              <value>
                <![CDATA[chrome]]>
              </value>
            </param>
          </params>
          <reporter-output>
          </reporter-output>
        </test-method> <!-- setup -->
        <test-method signature="LandingPagePopup()[pri:0, instance:com.nopcommerce.testCases.TC_LandingPagePopup_001@5c33f1a9]" started-at="2022-12-10T19:19:46 IST" name="LandingPagePopup" finished-at="2022-12-10T19:20:21 IST" duration-ms="34404" status="PASS">
          <reporter-output>
          </reporter-output>
        </test-method> <!-- LandingPagePopup -->
        <test-method is-config="true" signature="tearDown()[pri:0, instance:com.nopcommerce.testCases.TC_LandingPagePopup_001@5c33f1a9]" started-at="2022-12-10T19:20:21 IST" name="tearDown" finished-at="2022-12-10T19:20:21 IST" duration-ms="474" status="PASS">
          <reporter-output>
          </reporter-output>
        </test-method> <!-- tearDown -->
      </class> <!-- com.nopcommerce.testCases.TC_LandingPagePopup_001 -->
    </test> <!-- Test1 -->
  </suite> <!-- nopCommerce -->
</testng-results>
